Root
  let
    Statement
  const
    Statement
  shift
  ~
    Operator
  ord('a')
    FunctionCall
  -
    Operator
  ord('A')
    FunctionCall
  ;
    Operator
  var
    Statement
  i
  :
    Operator
  integer
  ;
    Operator
  func
    Statement
  capital
  (
    Operator
  var
    Statement
  chr
  :
    Operator
  Char
  )
    Operator
  :
    Operator
  Boolean
  ~
    Operator
  (ord('A') <= ord(ch))
  /\
  (ord(ch) <= ord('Z'))
  in
    Statement
  15
  !
    Operator
  hola
  if
    Statement
  capital(current)
  then
    Statement
  chr(ord(current) + shift)
  else
    Statement
  current

