Root
  let
    Statement
  const
    Statement
  ident("shift")
  ~
  ident("ord")
  (
  char(c)
    Value
  )
  Op('-')
  ident("ord")
  (
  char(B)
    Value
  )
  ;
  var
    Statement
  ident("i")
  :
  ident("integer")
  ;
  func
    Statement
  ident("capital")
  (
  var
    Statement
  ident("chr")
  :
  ident("Char")
  )
  :
  ident("Boolean")
  ~
  (
  ident("ord")
  (
  char(A)
    Value
  )
  Op('<=')
  ident("ord")
  (
  ident("ch")
  )
  )
  Op('/\\')
  (
  ident("ord")
  (
  ident("ch")
  )
  Op('<=')
  ident("ord")
  (
  char(Z)
    Value
  )
  )
  in
  begin
  ident("a")
  :=
  ident("a")
  Op('+')
  num(1)
    Value
  if
    Statement
  ident("capital")
  (
  ident("current")
  )
  then
    Statement
  ident("chr")
  (
  ident("ord")
  (
  ident("current")
  )
  Op('+')
  ident("shift")
  )
  else
    Statement
  ident("current")
  :=
  num(69)
    Value
  end

